{
  "repo": "facebook_zstd",
  "dockerfile": "ENVGYM-baseline\\claude\\claude35haiku\\facebook_zstd\\envgym.dockerfile",
  "rubric": "rubrics\\facebook_zstd.json",
  "summary": {
    "total_tests": 28,
    "passed_tests": 19,
    "failed_tests": 9,
    "total_score": 39,
    "max_score": 46,
    "success_rate": 0.6785714285714286,
    "total_execution_time": 92.3921148777008
  },
  "test_results": [
    {
      "test_id": "check_build_tools",
      "test_type": "commands_exist",
      "passed": false,
      "score": 4,
      "message": "Found 4/6 commands. Found: gcc, g++, make, cmake. Missing: ninja, pkg-config",
      "execution_time": 4.175958633422852
    },
    {
      "test_id": "check_python_tools",
      "test_type": "commands_exist",
      "passed": false,
      "score": 0,
      "message": "No commands found. Missing: python3, pip3",
      "execution_time": 1.311528205871582
    },
    {
      "test_id": "check_network_tools",
      "test_type": "commands_exist",
      "passed": false,
      "score": 0,
      "message": "No commands found. Missing: git, curl, wget",
      "execution_time": 1.9867231845855713
    },
    {
      "test_id": "check_compression_tools",
      "test_type": "commands_exist",
      "passed": false,
      "score": 1,
      "message": "Found 1/3 commands. Found: gzip. Missing: lz4, brotli",
      "execution_time": 2.011526584625244
    },
    {
      "test_id": "dirs_exist_621905621910320325",
      "test_type": "dirs_exist",
      "passed": true,
      "score": 3,
      "message": "Directories 'lib, programs, tests, examples, doc, contrib, zlibWrapper' exist",
      "execution_time": 4.487037181854248
    },
    {
      "test_id": "files_exist_-2985445232600658661",
      "test_type": "files_exist",
      "passed": true,
      "score": 2,
      "message": "Files 'Makefile, README.md, LICENSE, COPYING, CHANGELOG, Package.swift' exist",
      "execution_time": 3.749965190887451
    },
    {
      "test_id": "files_exist_4486701538748722688",
      "test_type": "files_exist",
      "passed": true,
      "score": 3,
      "message": "Files 'lib/zstd.h, lib/zdict.h, lib/zstd_errors.h, lib/Makefile' exist",
      "execution_time": 2.454322576522827
    },
    {
      "test_id": "files_exist_-3595835480929749637",
      "test_type": "files_exist",
      "passed": true,
      "score": 2,
      "message": "Files 'programs/zstdcli.c, programs/Makefile, programs/benchzstd.c, programs/datagen.c' exist",
      "execution_time": 2.5716516971588135
    },
    {
      "test_id": "files_exist_3267148822458267410",
      "test_type": "files_exist",
      "passed": true,
      "score": 2,
      "message": "Files 'tests/Makefile, tests/playTests.sh, tests/fullbench.c' exist",
      "execution_time": 1.8841099739074707
    },
    {
      "test_id": "test_gcc_version",
      "test_type": "output_contains",
      "passed": true,
      "score": 1,
      "message": "Output contains: gcc.",
      "execution_time": 0.6331150531768799
    },
    {
      "test_id": "test_gpp_version",
      "test_type": "output_contains",
      "passed": true,
      "score": 1,
      "message": "Output contains: g++.",
      "execution_time": 0.6632025241851807
    },
    {
      "test_id": "test_make_version",
      "test_type": "output_contains",
      "passed": true,
      "score": 1,
      "message": "Output contains: GNU Make.",
      "execution_time": 0.6401100158691406
    },
    {
      "test_id": "test_cmake_version",
      "test_type": "output_contains",
      "passed": true,
      "score": 1,
      "message": "Output contains: cmake.",
      "execution_time": 0.6090409755706787
    },
    {
      "test_id": "test_python3_version",
      "test_type": "output_contains",
      "passed": false,
      "score": 0,
      "message": "Output does not contain any of: Python. Command output: sh: 1: python3: not found\n",
      "execution_time": 0.7426767349243164
    },
    {
      "test_id": "test_git_version",
      "test_type": "output_contains",
      "passed": true,
      "score": 1,
      "message": "Output contains: git.",
      "execution_time": 0.6183319091796875
    },
    {
      "test_id": "test_c_compilation",
      "test_type": "run_command",
      "passed": false,
      "score": 0,
      "message": "Command failed. Output: test.c: In function 'main':\ntest.c:2:21: warning: missing terminating \" character\n    2 | int main() { printf(\"Hello from C\n      |                     ^\ntest.c:2:21: error: missing terminating \" character\n    2 | int main() { printf(\"Hello from C\n      |                     ^~~~~~~~~~~~~\ntest.c:3:1: warning: missing terminating \" character\n    3 | \"); return 0; }\n      | ^\ntest.c:3:1: error: missing terminating \" character\n    3 | \"); return 0; }\n      | ^~~~~~~~~~~~~~~\ntest.c:3:1: error: expected expression at end of input\ntest.c:3:1: error: expected declaration or statement at end of input\n",
      "execution_time": 0.6367568969726562
    },
    {
      "test_id": "test_cpp_compilation",
      "test_type": "run_command",
      "passed": true,
      "score": 2,
      "message": "Command executed successfully.",
      "execution_time": 0.7344229221343994
    },
    {
      "test_id": "test_make_help",
      "test_type": "run_command",
      "passed": true,
      "score": 1,
      "message": "Command executed successfully.",
      "execution_time": 0.5907385349273682
    },
    {
      "test_id": "test_cmake_help",
      "test_type": "run_command",
      "passed": true,
      "score": 1,
      "message": "Command executed successfully.",
      "execution_time": 0.6041386127471924
    },
    {
      "test_id": "test_python3_execution",
      "test_type": "run_command",
      "passed": false,
      "score": 0,
      "message": "Command failed. Output: sh: 1: python3: not found\n",
      "execution_time": 0.6355524063110352
    },
    {
      "test_id": "test_pip3_list",
      "test_type": "run_command",
      "passed": false,
      "score": 0,
      "message": "Command failed. Output: sh: 1: pip3: not found\n",
      "execution_time": 0.6070995330810547
    },
    {
      "test_id": "test_zstd_header_compilation",
      "test_type": "run_command",
      "passed": false,
      "score": 0,
      "message": "Command failed. Output: test_zstd.c: In function 'main':\ntest_zstd.c:3:21: warning: missing terminating \" character\n    3 | int main() { printf(\"ZSTD version: %s\n      |                     ^\ntest_zstd.c:3:21: error: missing terminating \" character\n    3 | int main() { printf(\"ZSTD version: %s\n      |                     ^~~~~~~~~~~~~~~~~\ntest_zstd.c:4:1: warning: missing terminating \" character\n    4 | \", ZSTD_VERSION_STRING); return 0; }\n      | ^\ntest_zstd.c:4:1: error: missing terminating \" character\n    4 | \", ZSTD_VERSION_STRING); return 0; }\n      | ^~~~~~~~~~~~~~~~~~~~~~~~~~~~~~~~~~~~\ntest_zstd.c:4:1: error: expected expression at end of input\ntest_zstd.c:4:1: error: expected declaration or statement at end of input\n",
      "execution_time": 0.54836106300354
    },
    {
      "test_id": "test_lib_build",
      "test_type": "run_command",
      "passed": true,
      "score": 3,
      "message": "Command executed successfully.",
      "execution_time": 36.01427245140076
    },
    {
      "test_id": "files_exist_5246987947388964688",
      "test_type": "files_exist",
      "passed": true,
      "score": 2,
      "message": "Files 'lib/libzstd.a' exist",
      "execution_time": 0.7135381698608398
    },
    {
      "test_id": "test_zstd_build",
      "test_type": "run_command",
      "passed": true,
      "score": 3,
      "message": "Command executed successfully.",
      "execution_time": 20.696595191955566
    },
    {
      "test_id": "test_zstd_binary_exists",
      "test_type": "files_exist",
      "passed": true,
      "score": 2,
      "message": "Files 'zstd' exist",
      "execution_time": 0.6902470588684082
    },
    {
      "test_id": "test_zstd_version",
      "test_type": "run_command",
      "passed": true,
      "score": 2,
      "message": "Command executed successfully.",
      "execution_time": 0.7304403781890869
    },
    {
      "test_id": "test_zstd_help",
      "test_type": "run_command",
      "passed": true,
      "score": 1,
      "message": "Command executed successfully.",
      "execution_time": 0.650651216506958
    }
  ]
}